mode: atomic
github.com/exercise/cmd/api/handlers/handler.go:21.41,25.2 1 8
github.com/exercise/cmd/api/handlers/handler.go:28.42,33.2 4 8
github.com/exercise/cmd/api/handlers/handler.go:77.44,78.30 1 8
github.com/exercise/cmd/api/handlers/handler.go:78.30,81.17 3 4
github.com/exercise/cmd/api/handlers/handler.go:86.3,87.17 2 3
github.com/exercise/cmd/api/handlers/handler.go:92.3,92.37 1 1
github.com/exercise/cmd/api/handlers/handler.go:81.17,84.4 2 1
github.com/exercise/cmd/api/handlers/handler.go:87.17,90.4 2 2
github.com/exercise/cmd/api/handlers/handler.go:129.35,130.30 1 8
github.com/exercise/cmd/api/handlers/handler.go:130.30,132.50 2 2
github.com/exercise/cmd/api/handlers/handler.go:137.3,141.5 2 1
github.com/exercise/cmd/api/handlers/handler.go:132.50,135.4 2 1
github.com/exercise/cmd/api/handlers/handler.go:172.38,173.30 1 8
github.com/exercise/cmd/api/handlers/handler.go:173.30,175.54 2 2
github.com/exercise/cmd/api/handlers/handler.go:180.3,181.32 2 1
github.com/exercise/cmd/api/handlers/handler.go:175.54,178.4 2 1
github.com/exercise/internal/pkg/pokemon/client.go:31.37,36.29 2 0
github.com/exercise/internal/pkg/pokemon/client.go:40.2,43.3 1 0
github.com/exercise/internal/pkg/pokemon/client.go:36.29,38.3 1 0
github.com/exercise/internal/pkg/pokemon/client.go:47.53,49.16 2 0
github.com/exercise/internal/pkg/pokemon/client.go:53.2,59.16 3 0
github.com/exercise/internal/pkg/pokemon/client.go:63.2,64.41 2 0
github.com/exercise/internal/pkg/pokemon/client.go:68.2,69.16 2 0
github.com/exercise/internal/pkg/pokemon/client.go:73.2,74.54 2 0
github.com/exercise/internal/pkg/pokemon/client.go:78.2,78.21 1 0
github.com/exercise/internal/pkg/pokemon/client.go:49.16,51.3 1 0
github.com/exercise/internal/pkg/pokemon/client.go:59.16,61.3 1 0
github.com/exercise/internal/pkg/pokemon/client.go:64.41,66.3 1 0
github.com/exercise/internal/pkg/pokemon/client.go:69.16,71.3 1 0
github.com/exercise/internal/pkg/pokemon/client.go:74.54,76.3 1 0
github.com/exercise/internal/pkg/pokemon/client.go:81.45,82.45 1 0
github.com/exercise/internal/pkg/pokemon/client.go:90.2,90.12 1 0
github.com/exercise/internal/pkg/pokemon/client.go:82.45,83.44 1 0
github.com/exercise/internal/pkg/pokemon/client.go:87.3,87.21 1 0
github.com/exercise/internal/pkg/pokemon/client.go:83.44,85.4 1 0
github.com/exercise/internal/stringfriends/string_friends.go:8.40,10.44 2 1
github.com/exercise/internal/stringfriends/string_friends.go:14.2,14.30 1 1
github.com/exercise/internal/stringfriends/string_friends.go:24.2,24.14 1 0
github.com/exercise/internal/stringfriends/string_friends.go:10.44,12.3 1 0
github.com/exercise/internal/stringfriends/string_friends.go:14.30,17.28 3 2
github.com/exercise/internal/stringfriends/string_friends.go:21.3,21.18 1 1
github.com/exercise/internal/stringfriends/string_friends.go:17.28,19.4 1 1
github.com/exercise/cmd/api/main.go:12.13,23.16 8 0
github.com/exercise/cmd/api/main.go:23.16,24.13 1 0
github.com/exercise/cmd/api/main.go:29.16,31.16 2 0
github.com/exercise/cmd/api/main.go:31.16,32.13 1 0
github.com/exercise/internal/order/order_strings.go:9.42,10.17 1 1
github.com/exercise/internal/order/order_strings.go:14.2,16.28 3 1
github.com/exercise/internal/order/order_strings.go:10.17,12.3 1 0
github.com/exercise/cmd/api/handlers/middlerware.go:14.35,16.23 2 8
github.com/exercise/cmd/api/handlers/middlerware.go:16.23,17.32 1 5
github.com/exercise/cmd/api/handlers/middlerware.go:17.32,23.4 2 5
github.com/exercise/cmd/api/handlers/middlerware.go:28.36,31.9 3 5
github.com/exercise/cmd/api/handlers/middlerware.go:41.2,41.19 1 5
github.com/exercise/cmd/api/handlers/middlerware.go:33.37,34.46 1 3
github.com/exercise/cmd/api/handlers/middlerware.go:35.43,36.35 1 1
github.com/exercise/cmd/api/handlers/middlerware.go:37.10,38.46 1 1
github.com/exercise/cmd/api/main.go:12.13,23.16 8 0
github.com/exercise/cmd/api/main.go:23.16,24.13 1 0
github.com/exercise/cmd/api/main.go:29.16,31.16 2 0
github.com/exercise/cmd/api/main.go:31.16,32.13 1 0
github.com/exercise/internal/pkg/pokemon/client.go:31.37,36.29 2 3
github.com/exercise/internal/pkg/pokemon/client.go:40.2,43.3 1 3
github.com/exercise/internal/pkg/pokemon/client.go:36.29,38.3 1 3
github.com/exercise/internal/pkg/pokemon/client.go:47.53,49.16 2 3
github.com/exercise/internal/pkg/pokemon/client.go:53.2,59.16 3 3
github.com/exercise/internal/pkg/pokemon/client.go:63.2,64.41 2 3
github.com/exercise/internal/pkg/pokemon/client.go:68.2,69.16 2 1
github.com/exercise/internal/pkg/pokemon/client.go:73.2,74.54 2 1
github.com/exercise/internal/pkg/pokemon/client.go:78.2,78.21 1 1
github.com/exercise/internal/pkg/pokemon/client.go:49.16,51.3 1 0
github.com/exercise/internal/pkg/pokemon/client.go:59.16,61.3 1 0
github.com/exercise/internal/pkg/pokemon/client.go:64.41,66.3 1 2
github.com/exercise/internal/pkg/pokemon/client.go:69.16,71.3 1 0
github.com/exercise/internal/pkg/pokemon/client.go:74.54,76.3 1 0
github.com/exercise/internal/pkg/pokemon/client.go:81.45,82.45 1 3
github.com/exercise/internal/pkg/pokemon/client.go:90.2,90.12 1 1
github.com/exercise/internal/pkg/pokemon/client.go:82.45,83.44 1 2
github.com/exercise/internal/pkg/pokemon/client.go:87.3,87.21 1 1
github.com/exercise/internal/pkg/pokemon/client.go:83.44,85.4 1 1
github.com/exercise/cmd/api/handlers/handler.go:21.41,25.2 1 0
github.com/exercise/cmd/api/handlers/handler.go:28.42,33.2 4 0
github.com/exercise/cmd/api/handlers/handler.go:77.44,78.30 1 0
github.com/exercise/cmd/api/handlers/handler.go:78.30,81.17 3 0
github.com/exercise/cmd/api/handlers/handler.go:86.3,87.17 2 0
github.com/exercise/cmd/api/handlers/handler.go:92.3,92.37 1 0
github.com/exercise/cmd/api/handlers/handler.go:81.17,84.4 2 0
github.com/exercise/cmd/api/handlers/handler.go:87.17,90.4 2 0
github.com/exercise/cmd/api/handlers/handler.go:129.35,130.30 1 0
github.com/exercise/cmd/api/handlers/handler.go:130.30,132.50 2 0
github.com/exercise/cmd/api/handlers/handler.go:137.3,141.5 2 0
github.com/exercise/cmd/api/handlers/handler.go:132.50,135.4 2 0
github.com/exercise/cmd/api/handlers/handler.go:172.38,173.30 1 0
github.com/exercise/cmd/api/handlers/handler.go:173.30,175.54 2 0
github.com/exercise/cmd/api/handlers/handler.go:180.3,181.32 2 0
github.com/exercise/cmd/api/handlers/handler.go:175.54,178.4 2 0
github.com/exercise/cmd/api/handlers/middlerware.go:14.35,16.23 2 0
github.com/exercise/cmd/api/handlers/middlerware.go:16.23,17.32 1 0
github.com/exercise/cmd/api/handlers/middlerware.go:17.32,23.4 2 0
github.com/exercise/cmd/api/handlers/middlerware.go:28.36,31.9 3 0
github.com/exercise/cmd/api/handlers/middlerware.go:41.2,41.19 1 0
github.com/exercise/cmd/api/handlers/middlerware.go:33.37,34.46 1 0
github.com/exercise/cmd/api/handlers/middlerware.go:35.43,36.35 1 0
github.com/exercise/cmd/api/handlers/middlerware.go:37.10,38.46 1 0
github.com/exercise/internal/order/order_strings.go:9.42,10.17 1 0
github.com/exercise/internal/order/order_strings.go:14.2,16.28 3 0
github.com/exercise/internal/order/order_strings.go:10.17,12.3 1 0
github.com/exercise/internal/stringfriends/string_friends.go:8.40,10.44 2 0
github.com/exercise/internal/stringfriends/string_friends.go:14.2,14.30 1 0
github.com/exercise/internal/stringfriends/string_friends.go:24.2,24.14 1 0
github.com/exercise/internal/stringfriends/string_friends.go:10.44,12.3 1 0
github.com/exercise/internal/stringfriends/string_friends.go:14.30,17.28 3 0
github.com/exercise/internal/stringfriends/string_friends.go:21.3,21.18 1 0
github.com/exercise/internal/stringfriends/string_friends.go:17.28,19.4 1 0
github.com/exercise/cmd/api/main.go:12.13,23.16 8 0
github.com/exercise/cmd/api/main.go:23.16,24.13 1 0
github.com/exercise/cmd/api/main.go:29.16,31.16 2 0
github.com/exercise/cmd/api/main.go:31.16,32.13 1 0
github.com/exercise/internal/stringfriends/string_friends.go:8.40,10.44 2 0
github.com/exercise/internal/stringfriends/string_friends.go:14.2,14.30 1 0
github.com/exercise/internal/stringfriends/string_friends.go:24.2,24.14 1 0
github.com/exercise/internal/stringfriends/string_friends.go:10.44,12.3 1 0
github.com/exercise/internal/stringfriends/string_friends.go:14.30,17.28 3 0
github.com/exercise/internal/stringfriends/string_friends.go:21.3,21.18 1 0
github.com/exercise/internal/stringfriends/string_friends.go:17.28,19.4 1 0
github.com/exercise/cmd/api/handlers/handler.go:21.41,25.2 1 0
github.com/exercise/cmd/api/handlers/handler.go:28.42,33.2 4 0
github.com/exercise/cmd/api/handlers/handler.go:77.44,78.30 1 0
github.com/exercise/cmd/api/handlers/handler.go:78.30,81.17 3 0
github.com/exercise/cmd/api/handlers/handler.go:86.3,87.17 2 0
github.com/exercise/cmd/api/handlers/handler.go:92.3,92.37 1 0
github.com/exercise/cmd/api/handlers/handler.go:81.17,84.4 2 0
github.com/exercise/cmd/api/handlers/handler.go:87.17,90.4 2 0
github.com/exercise/cmd/api/handlers/handler.go:129.35,130.30 1 0
github.com/exercise/cmd/api/handlers/handler.go:130.30,132.50 2 0
github.com/exercise/cmd/api/handlers/handler.go:137.3,141.5 2 0
github.com/exercise/cmd/api/handlers/handler.go:132.50,135.4 2 0
github.com/exercise/cmd/api/handlers/handler.go:172.38,173.30 1 0
github.com/exercise/cmd/api/handlers/handler.go:173.30,175.54 2 0
github.com/exercise/cmd/api/handlers/handler.go:180.3,181.32 2 0
github.com/exercise/cmd/api/handlers/handler.go:175.54,178.4 2 0
github.com/exercise/cmd/api/handlers/middlerware.go:14.35,16.23 2 0
github.com/exercise/cmd/api/handlers/middlerware.go:16.23,17.32 1 0
github.com/exercise/cmd/api/handlers/middlerware.go:17.32,23.4 2 0
github.com/exercise/cmd/api/handlers/middlerware.go:28.36,31.9 3 0
github.com/exercise/cmd/api/handlers/middlerware.go:41.2,41.19 1 0
github.com/exercise/cmd/api/handlers/middlerware.go:33.37,34.46 1 0
github.com/exercise/cmd/api/handlers/middlerware.go:35.43,36.35 1 0
github.com/exercise/cmd/api/handlers/middlerware.go:37.10,38.46 1 0
github.com/exercise/internal/order/order_strings.go:9.42,10.17 1 2
github.com/exercise/internal/order/order_strings.go:14.2,16.28 3 1
github.com/exercise/internal/order/order_strings.go:10.17,12.3 1 1
github.com/exercise/internal/pkg/pokemon/client.go:31.37,36.29 2 0
github.com/exercise/internal/pkg/pokemon/client.go:40.2,43.3 1 0
github.com/exercise/internal/pkg/pokemon/client.go:36.29,38.3 1 0
github.com/exercise/internal/pkg/pokemon/client.go:47.53,49.16 2 0
github.com/exercise/internal/pkg/pokemon/client.go:53.2,59.16 3 0
github.com/exercise/internal/pkg/pokemon/client.go:63.2,64.41 2 0
github.com/exercise/internal/pkg/pokemon/client.go:68.2,69.16 2 0
github.com/exercise/internal/pkg/pokemon/client.go:73.2,74.54 2 0
github.com/exercise/internal/pkg/pokemon/client.go:78.2,78.21 1 0
github.com/exercise/internal/pkg/pokemon/client.go:49.16,51.3 1 0
github.com/exercise/internal/pkg/pokemon/client.go:59.16,61.3 1 0
github.com/exercise/internal/pkg/pokemon/client.go:64.41,66.3 1 0
github.com/exercise/internal/pkg/pokemon/client.go:69.16,71.3 1 0
github.com/exercise/internal/pkg/pokemon/client.go:74.54,76.3 1 0
github.com/exercise/internal/pkg/pokemon/client.go:81.45,82.45 1 0
github.com/exercise/internal/pkg/pokemon/client.go:90.2,90.12 1 0
github.com/exercise/internal/pkg/pokemon/client.go:82.45,83.44 1 0
github.com/exercise/internal/pkg/pokemon/client.go:87.3,87.21 1 0
github.com/exercise/internal/pkg/pokemon/client.go:83.44,85.4 1 0
github.com/exercise/cmd/api/handlers/handler.go:21.41,25.2 1 0
github.com/exercise/cmd/api/handlers/handler.go:28.42,33.2 4 0
github.com/exercise/cmd/api/handlers/handler.go:77.44,78.30 1 0
github.com/exercise/cmd/api/handlers/handler.go:78.30,81.17 3 0
github.com/exercise/cmd/api/handlers/handler.go:86.3,87.17 2 0
github.com/exercise/cmd/api/handlers/handler.go:92.3,92.37 1 0
github.com/exercise/cmd/api/handlers/handler.go:81.17,84.4 2 0
github.com/exercise/cmd/api/handlers/handler.go:87.17,90.4 2 0
github.com/exercise/cmd/api/handlers/handler.go:129.35,130.30 1 0
github.com/exercise/cmd/api/handlers/handler.go:130.30,132.50 2 0
github.com/exercise/cmd/api/handlers/handler.go:137.3,141.5 2 0
github.com/exercise/cmd/api/handlers/handler.go:132.50,135.4 2 0
github.com/exercise/cmd/api/handlers/handler.go:172.38,173.30 1 0
github.com/exercise/cmd/api/handlers/handler.go:173.30,175.54 2 0
github.com/exercise/cmd/api/handlers/handler.go:180.3,181.32 2 0
github.com/exercise/cmd/api/handlers/handler.go:175.54,178.4 2 0
github.com/exercise/internal/order/order_strings.go:9.42,10.17 1 0
github.com/exercise/internal/order/order_strings.go:14.2,16.28 3 0
github.com/exercise/internal/order/order_strings.go:10.17,12.3 1 0
github.com/exercise/cmd/api/handlers/middlerware.go:14.35,16.23 2 0
github.com/exercise/cmd/api/handlers/middlerware.go:16.23,17.32 1 0
github.com/exercise/cmd/api/handlers/middlerware.go:17.32,23.4 2 0
github.com/exercise/cmd/api/handlers/middlerware.go:28.36,31.9 3 0
github.com/exercise/cmd/api/handlers/middlerware.go:41.2,41.19 1 0
github.com/exercise/cmd/api/handlers/middlerware.go:33.37,34.46 1 0
github.com/exercise/cmd/api/handlers/middlerware.go:35.43,36.35 1 0
github.com/exercise/cmd/api/handlers/middlerware.go:37.10,38.46 1 0
github.com/exercise/cmd/api/main.go:12.13,23.16 8 0
github.com/exercise/cmd/api/main.go:23.16,24.13 1 0
github.com/exercise/cmd/api/main.go:29.16,31.16 2 0
github.com/exercise/cmd/api/main.go:31.16,32.13 1 0
github.com/exercise/internal/stringfriends/string_friends.go:8.40,10.44 2 3
github.com/exercise/internal/stringfriends/string_friends.go:14.2,14.30 1 2
github.com/exercise/internal/stringfriends/string_friends.go:24.2,24.14 1 1
github.com/exercise/internal/stringfriends/string_friends.go:10.44,12.3 1 1
github.com/exercise/internal/stringfriends/string_friends.go:14.30,17.28 3 6
github.com/exercise/internal/stringfriends/string_friends.go:21.3,21.18 1 5
github.com/exercise/internal/stringfriends/string_friends.go:17.28,19.4 1 1
github.com/exercise/internal/pkg/pokemon/client.go:31.37,36.29 2 0
github.com/exercise/internal/pkg/pokemon/client.go:40.2,43.3 1 0
github.com/exercise/internal/pkg/pokemon/client.go:36.29,38.3 1 0
github.com/exercise/internal/pkg/pokemon/client.go:47.53,49.16 2 0
github.com/exercise/internal/pkg/pokemon/client.go:53.2,59.16 3 0
github.com/exercise/internal/pkg/pokemon/client.go:63.2,64.41 2 0
github.com/exercise/internal/pkg/pokemon/client.go:68.2,69.16 2 0
github.com/exercise/internal/pkg/pokemon/client.go:73.2,74.54 2 0
github.com/exercise/internal/pkg/pokemon/client.go:78.2,78.21 1 0
github.com/exercise/internal/pkg/pokemon/client.go:49.16,51.3 1 0
github.com/exercise/internal/pkg/pokemon/client.go:59.16,61.3 1 0
github.com/exercise/internal/pkg/pokemon/client.go:64.41,66.3 1 0
github.com/exercise/internal/pkg/pokemon/client.go:69.16,71.3 1 0
github.com/exercise/internal/pkg/pokemon/client.go:74.54,76.3 1 0
github.com/exercise/internal/pkg/pokemon/client.go:81.45,82.45 1 0
github.com/exercise/internal/pkg/pokemon/client.go:90.2,90.12 1 0
github.com/exercise/internal/pkg/pokemon/client.go:82.45,83.44 1 0
github.com/exercise/internal/pkg/pokemon/client.go:87.3,87.21 1 0
github.com/exercise/internal/pkg/pokemon/client.go:83.44,85.4 1 0
